Performing C SOURCE FILE Test CMAKE_HAVE_LIBC_PTHREAD failed with the following output:
Change Dir: /home/gregoire/Documents/IG2I/LE5/UNIRAIL/cmake-build-debug/CMakeFiles/CMakeTmp

Run Build Command(s):/usr/bin/make cmTC_05874/fast && /usr/bin/make  -f CMakeFiles/cmTC_05874.dir/build.make CMakeFiles/cmTC_05874.dir/build
make[1] : on entre dans le répertoire « /home/gregoire/Documents/IG2I/LE5/UNIRAIL/cmake-build-debug/CMakeFiles/CMakeTmp »
Building C object CMakeFiles/cmTC_05874.dir/src.c.o
/usr/bin/cc   -DCMAKE_HAVE_LIBC_PTHREAD   -o CMakeFiles/cmTC_05874.dir/src.c.o   -c /home/gregoire/Documents/IG2I/LE5/UNIRAIL/cmake-build-debug/CMakeFiles/CMakeTmp/src.c
Linking C executable cmTC_05874
/opt/clion-2020.3.2/bin/cmake/linux/bin/cmake -E cmake_link_script CMakeFiles/cmTC_05874.dir/link.txt --verbose=1
/usr/bin/cc  -DCMAKE_HAVE_LIBC_PTHREAD    CMakeFiles/cmTC_05874.dir/src.c.o  -o cmTC_05874 
/usr/bin/ld : CMakeFiles/cmTC_05874.dir/src.c.o : dans la fonction « main » :
src.c:(.text+0x46) : référence indéfinie vers « pthread_create »
/usr/bin/ld : src.c:(.text+0x52) : référence indéfinie vers « pthread_detach »
/usr/bin/ld : src.c:(.text+0x5e) : référence indéfinie vers « pthread_cancel »
/usr/bin/ld : src.c:(.text+0x6f) : référence indéfinie vers « pthread_join »
collect2: error: ld returned 1 exit status
make[1]: *** [CMakeFiles/cmTC_05874.dir/build.make:107 : cmTC_05874] Erreur 1
make[1] : on quitte le répertoire « /home/gregoire/Documents/IG2I/LE5/UNIRAIL/cmake-build-debug/CMakeFiles/CMakeTmp »
make: *** [Makefile:141 : cmTC_05874/fast] Erreur 2


Source file was:
#include <pthread.h>

void* test_func(void* data)
{
  return data;
}

int main(void)
{
  pthread_t thread;
  pthread_create(&thread, NULL, test_func, NULL);
  pthread_detach(thread);
  pthread_cancel(thread);
  pthread_join(thread, NULL);
  pthread_atfork(NULL, NULL, NULL);
  pthread_exit(NULL);

  return 0;
}

Determining if the function pthread_create exists in the pthreads failed with the following output:
Change Dir: /home/gregoire/Documents/IG2I/LE5/UNIRAIL/cmake-build-debug/CMakeFiles/CMakeTmp

Run Build Command(s):/usr/bin/make cmTC_ee0e6/fast && /usr/bin/make  -f CMakeFiles/cmTC_ee0e6.dir/build.make CMakeFiles/cmTC_ee0e6.dir/build
make[1] : on entre dans le répertoire « /home/gregoire/Documents/IG2I/LE5/UNIRAIL/cmake-build-debug/CMakeFiles/CMakeTmp »
Building C object CMakeFiles/cmTC_ee0e6.dir/CheckFunctionExists.c.o
/usr/bin/cc   -DCHECK_FUNCTION_EXISTS=pthread_create   -o CMakeFiles/cmTC_ee0e6.dir/CheckFunctionExists.c.o   -c /opt/clion-2020.3.2/bin/cmake/linux/share/cmake-3.17/Modules/CheckFunctionExists.c
Linking C executable cmTC_ee0e6
/opt/clion-2020.3.2/bin/cmake/linux/bin/cmake -E cmake_link_script CMakeFiles/cmTC_ee0e6.dir/link.txt --verbose=1
/usr/bin/cc  -DCHECK_FUNCTION_EXISTS=pthread_create    CMakeFiles/cmTC_ee0e6.dir/CheckFunctionExists.c.o  -o cmTC_ee0e6  -lpthreads 
/usr/bin/ld : ne peut trouver -lpthreads
collect2: error: ld returned 1 exit status
make[1]: *** [CMakeFiles/cmTC_ee0e6.dir/build.make:107 : cmTC_ee0e6] Erreur 1
make[1] : on quitte le répertoire « /home/gregoire/Documents/IG2I/LE5/UNIRAIL/cmake-build-debug/CMakeFiles/CMakeTmp »
make: *** [Makefile:141 : cmTC_ee0e6/fast] Erreur 2



